<?xml version="1.0" encoding="utf-8"?><testsuites><testsuite name="pytest" errors="0" failures="0" skipped="0" tests="1" time="0.056" timestamp="2023-11-28T18:08:05.255905" hostname="haidarova"><testcase classname="src.tests.test_all" name="test_passing" file="src\tests\test_all.py" line="0" time="0.001"><system-out>--------------------------------- Captured Log ---------------------------------

--------------------------------- Captured Out ---------------------------------

</system-out><system-err>--------------------------------- Captured Err ---------------------------------

</system-err></testcase></testsuite></testsuites>