<?xml version="1.0" encoding="utf-8"?><testsuites><testsuite name="pytest" errors="0" failures="0" skipped="0" tests="1" time="0.118" timestamp="2023-11-28T19:16:53.682549" hostname="haidarova"><testcase classname="tests.test_all.TestAnalysis" name="test_passing" file="tests\test_all.py" line="14" time="0.001"><system-out>--------------------------------- Captured Log ---------------------------------

--------------------------------- Captured Out ---------------------------------

</system-out><system-err>--------------------------------- Captured Err ---------------------------------

</system-err></testcase></testsuite></testsuites>