<?xml version="1.0" encoding="utf-8"?><testsuites><testsuite name="pytest" errors="0" failures="1" skipped="0" tests="2" time="0.746" timestamp="2023-11-28T19:26:14.680113" hostname="haidarova"><testcase classname="tests.test_all.TestAnalysis" name="test_calculate_statistics" file="tests\test_all.py" line="18" time="0.001"><system-out>--------------------------------- Captured Log ---------------------------------

--------------------------------- Captured Out ---------------------------------

</system-out><system-err>--------------------------------- Captured Err ---------------------------------

</system-err></testcase><testcase classname="tests.test_all.TestAnalysis" name="test_number_generation" file="tests\test_all.py" line="40" time="0.135"><failure message="ValueError: The truth value of an array with more than one element is ambiguous. Use a.any() or a.all()">self = &lt;tests.test_all.TestAnalysis object at 0x000001BCB20B2DD0&gt;

    def test_number_generation(self):
        average = 5.0
        var = 3.0
        size = 10
        true_norm = np.array([5.81923549, 3.81973576, 5.41991753, 2.05423947, 6.30448165,
                              2.34178466, 5.00888036, 4.79175957, 3.60226639, 9.9741371 ])
        true_exp = np.array([7.30798162, 0.87603514, 7.23150544, 0.10514687, 0.72634391,
                             0.61803554, 1.85457632, 5.56537148, 3.18600652, 8.46867302])
        true_gamma = np.array([6.7314887 , 3.41014754, 5.70307387, 5.03950646, 3.09540968,
                               2.4742548 , 2.36004233, 3.9579512 , 4.73376682, 4.38187534])
        norm, exp, gamma = analysis.number_generation(average, var, size)
&gt;       assert norm == true_norm
E       ValueError: The truth value of an array with more than one element is ambiguous. Use a.any() or a.all()

tests\test_all.py:52: ValueError</failure><system-out>--------------------------------- Captured Log ---------------------------------

--------------------------------- Captured Out ---------------------------------

</system-out><system-err>--------------------------------- Captured Err ---------------------------------

</system-err></testcase></testsuite></testsuites>